
ATmegaBOOT.elf:     file format elf32-avr

Sections:
Idx Name          Size      VMA       LMA       File off  Algn
  0 .text         000003e6  00001c00  00001c00  00000094  2**1
                  CONTENTS, ALLOC, LOAD, READONLY, CODE
  1 .data         00000002  00800060  00001fe6  0000047a  2**0
                  CONTENTS, ALLOC, LOAD, DATA
  2 .bss          00000108  00800062  00800062  0000047c  2**0
                  ALLOC
  3 .stab         0000141c  00000000  00000000  0000047c  2**2
                  CONTENTS, READONLY, DEBUGGING
  4 .stabstr      00000c40  00000000  00000000  00001898  2**0
                  CONTENTS, READONLY, DEBUGGING

Disassembly of section .text:

00001c00 <__vectors>:
    1c00:	12 c0       	rjmp	.+36     	; 0x1c26 <__ctors_end>
    1c02:	2c c0       	rjmp	.+88     	; 0x1c5c <__bad_interrupt>
    1c04:	2b c0       	rjmp	.+86     	; 0x1c5c <__bad_interrupt>
    1c06:	2a c0       	rjmp	.+84     	; 0x1c5c <__bad_interrupt>
    1c08:	29 c0       	rjmp	.+82     	; 0x1c5c <__bad_interrupt>
    1c0a:	28 c0       	rjmp	.+80     	; 0x1c5c <__bad_interrupt>
    1c0c:	27 c0       	rjmp	.+78     	; 0x1c5c <__bad_interrupt>
    1c0e:	26 c0       	rjmp	.+76     	; 0x1c5c <__bad_interrupt>
    1c10:	25 c0       	rjmp	.+74     	; 0x1c5c <__bad_interrupt>
    1c12:	24 c0       	rjmp	.+72     	; 0x1c5c <__bad_interrupt>
    1c14:	23 c0       	rjmp	.+70     	; 0x1c5c <__bad_interrupt>
    1c16:	22 c0       	rjmp	.+68     	; 0x1c5c <__bad_interrupt>
    1c18:	21 c0       	rjmp	.+66     	; 0x1c5c <__bad_interrupt>
    1c1a:	20 c0       	rjmp	.+64     	; 0x1c5c <__bad_interrupt>
    1c1c:	1f c0       	rjmp	.+62     	; 0x1c5c <__bad_interrupt>
    1c1e:	1e c0       	rjmp	.+60     	; 0x1c5c <__bad_interrupt>
    1c20:	1d c0       	rjmp	.+58     	; 0x1c5c <__bad_interrupt>
    1c22:	1c c0       	rjmp	.+56     	; 0x1c5c <__bad_interrupt>
    1c24:	1b c0       	rjmp	.+54     	; 0x1c5c <__bad_interrupt>

00001c26 <__ctors_end>:
    1c26:	11 24       	eor	r1, r1
    1c28:	1f be       	out	0x3f, r1	; 63
    1c2a:	cf e5       	ldi	r28, 0x5F	; 95
    1c2c:	d4 e0       	ldi	r29, 0x04	; 4
    1c2e:	de bf       	out	0x3e, r29	; 62
    1c30:	cd bf       	out	0x3d, r28	; 61

00001c32 <__do_copy_data>:
    1c32:	10 e0       	ldi	r17, 0x00	; 0
    1c34:	a0 e6       	ldi	r26, 0x60	; 96
    1c36:	b0 e0       	ldi	r27, 0x00	; 0
    1c38:	e6 ee       	ldi	r30, 0xE6	; 230
    1c3a:	ff e1       	ldi	r31, 0x1F	; 31
    1c3c:	02 c0       	rjmp	.+4      	; 0x1c42 <__do_copy_data+0x10>
    1c3e:	05 90       	lpm	r0, Z+
    1c40:	0d 92       	st	X+, r0
    1c42:	a2 36       	cpi	r26, 0x62	; 98
    1c44:	b1 07       	cpc	r27, r17
    1c46:	d9 f7       	brne	.-10     	; 0x1c3e <__do_copy_data+0xc>

00001c48 <__do_clear_bss>:
    1c48:	11 e0       	ldi	r17, 0x01	; 1
    1c4a:	a2 e6       	ldi	r26, 0x62	; 98
    1c4c:	b0 e0       	ldi	r27, 0x00	; 0
    1c4e:	01 c0       	rjmp	.+2      	; 0x1c52 <.do_clear_bss_start>

00001c50 <.do_clear_bss_loop>:
    1c50:	1d 92       	st	X+, r1

00001c52 <.do_clear_bss_start>:
    1c52:	aa 36       	cpi	r26, 0x6A	; 106
    1c54:	b1 07       	cpc	r27, r17
    1c56:	e1 f7       	brne	.-8      	; 0x1c50 <.do_clear_bss_loop>
    1c58:	4a d0       	rcall	.+148    	; 0x1cee <main>
    1c5a:	c3 c1       	rjmp	.+902    	; 0x1fe2 <_exit>

00001c5c <__bad_interrupt>:
    1c5c:	d1 cf       	rjmp	.-94     	; 0x1c00 <__vectors>

00001c5e <putch>:
}

void putch(char ch)
{
  /* m8 */
  while (!(inb(UCSRA) & _BV(UDRE)));
    1c5e:	5d 9b       	sbis	0x0b, 5	; 11
    1c60:	fe cf       	rjmp	.-4      	; 0x1c5e <putch>
  outb(UDR,ch);
    1c62:	8c b9       	out	0x0c, r24	; 12
}
    1c64:	08 95       	ret

00001c66 <getch>:

char getch(void)
{
    1c66:	ef 92       	push	r14
    1c68:	ff 92       	push	r15
    1c6a:	0f 93       	push	r16
    1c6c:	1f 93       	push	r17
  /* m8 */
	uint32_t count = 0;
    1c6e:	ee 24       	eor	r14, r14
    1c70:	ff 24       	eor	r15, r15
    1c72:	87 01       	movw	r16, r14
  while(!(inb(UCSRA) & _BV(RXC))) {
    1c74:	13 c0       	rjmp	.+38     	; 0x1c9c <getch+0x36>
		/* HACKME:: here is a good place to count times*/
		count++;
    1c76:	08 94       	sec
    1c78:	e1 1c       	adc	r14, r1
    1c7a:	f1 1c       	adc	r15, r1
    1c7c:	01 1d       	adc	r16, r1
    1c7e:	11 1d       	adc	r17, r1
		if (count > MAX_TIME_COUNT)
    1c80:	81 e8       	ldi	r24, 0x81	; 129
    1c82:	e8 16       	cp	r14, r24
    1c84:	84 e8       	ldi	r24, 0x84	; 132
    1c86:	f8 06       	cpc	r15, r24
    1c88:	8e e1       	ldi	r24, 0x1E	; 30
    1c8a:	08 07       	cpc	r16, r24
    1c8c:	80 e0       	ldi	r24, 0x00	; 0
    1c8e:	18 07       	cpc	r17, r24
    1c90:	28 f0       	brcs	.+10     	; 0x1c9c <getch+0x36>
			app_start();
    1c92:	e0 91 62 00 	lds	r30, 0x0062
    1c96:	f0 91 63 00 	lds	r31, 0x0063
    1c9a:	09 95       	icall

char getch(void)
{
  /* m8 */
	uint32_t count = 0;
  while(!(inb(UCSRA) & _BV(RXC))) {
    1c9c:	5f 9b       	sbis	0x0b, 7	; 11
    1c9e:	eb cf       	rjmp	.-42     	; 0x1c76 <getch+0x10>
		/* HACKME:: here is a good place to count times*/
		count++;
		if (count > MAX_TIME_COUNT)
			app_start();
  }
  return (inb(UDR));
    1ca0:	8c b1       	in	r24, 0x0c	; 12
}
    1ca2:	1f 91       	pop	r17
    1ca4:	0f 91       	pop	r16
    1ca6:	ff 90       	pop	r15
    1ca8:	ef 90       	pop	r14
    1caa:	08 95       	ret

00001cac <getNch>:

void getNch(uint8_t count)
{
    1cac:	0f 93       	push	r16
    1cae:	1f 93       	push	r17
    1cb0:	08 2f       	mov	r16, r24
  uint8_t i;
  for(i=0;i<count;i++) {
    1cb2:	10 e0       	ldi	r17, 0x00	; 0
    1cb4:	02 c0       	rjmp	.+4      	; 0x1cba <getNch+0xe>
    /* m8 */
    //while(!(inb(UCSRA) & _BV(RXC)));
    //inb(UDR);
		getch(); // need to handle time out
    1cb6:	d7 df       	rcall	.-82     	; 0x1c66 <getch>
}

void getNch(uint8_t count)
{
  uint8_t i;
  for(i=0;i<count;i++) {
    1cb8:	1f 5f       	subi	r17, 0xFF	; 255
    1cba:	10 17       	cp	r17, r16
    1cbc:	e0 f3       	brcs	.-8      	; 0x1cb6 <getNch+0xa>
    /* m8 */
    //while(!(inb(UCSRA) & _BV(RXC)));
    //inb(UDR);
		getch(); // need to handle time out
  }
}
    1cbe:	1f 91       	pop	r17
    1cc0:	0f 91       	pop	r16
    1cc2:	08 95       	ret

00001cc4 <byte_response>:

void byte_response(uint8_t val)
{
    1cc4:	1f 93       	push	r17
    1cc6:	18 2f       	mov	r17, r24
  if (getch() == ' ') {
    1cc8:	ce df       	rcall	.-100    	; 0x1c66 <getch>
    1cca:	80 32       	cpi	r24, 0x20	; 32
    1ccc:	31 f4       	brne	.+12     	; 0x1cda <byte_response+0x16>
    putch(0x14);
    1cce:	84 e1       	ldi	r24, 0x14	; 20
    1cd0:	c6 df       	rcall	.-116    	; 0x1c5e <putch>
    putch(val);
    1cd2:	81 2f       	mov	r24, r17
    1cd4:	c4 df       	rcall	.-120    	; 0x1c5e <putch>
    putch(0x10);
    1cd6:	80 e1       	ldi	r24, 0x10	; 16
    1cd8:	c2 df       	rcall	.-124    	; 0x1c5e <putch>
  }
}
    1cda:	1f 91       	pop	r17
    1cdc:	08 95       	ret

00001cde <nothing_response>:

void nothing_response(void)
{
  if (getch() == ' ') {
    1cde:	c3 df       	rcall	.-122    	; 0x1c66 <getch>
    1ce0:	80 32       	cpi	r24, 0x20	; 32
    1ce2:	21 f4       	brne	.+8      	; 0x1cec <nothing_response+0xe>
    putch(0x14);
    1ce4:	84 e1       	ldi	r24, 0x14	; 20
    1ce6:	bb df       	rcall	.-138    	; 0x1c5e <putch>
    putch(0x10);
    1ce8:	80 e1       	ldi	r24, 0x10	; 16
    1cea:	b9 df       	rcall	.-142    	; 0x1c5e <putch>
    1cec:	08 95       	ret

00001cee <main>:


void (*app_start)(void) = 0x0000;

int main(void)
{
    1cee:	cf 92       	push	r12
    1cf0:	df 92       	push	r13
    1cf2:	ef 92       	push	r14
    1cf4:	ff 92       	push	r15
    1cf6:	0f 93       	push	r16
    1cf8:	1f 93       	push	r17
    1cfa:	cf 93       	push	r28
    1cfc:	df 93       	push	r29
  uint16_t w;

  //cbi(BL_DDR,BL);
  //sbi(BL_PORT,BL);

  asm volatile("nop\n\t");
    1cfe:	00 00       	nop

  //set up PB7 as input
  cbi(DDRB, PINB7);
    1d00:	bf 98       	cbi	0x17, 7	; 23
  //enable PB7 internal pullup
  sbi(PORTB, PINB7); 
    1d02:	c7 9a       	sbi	0x18, 7	; 24
    milliseconds can be achieved.
 */
void
_delay_loop_2(uint16_t __count)
{
	__asm__ volatile (
    1d04:	8f ef       	ldi	r24, 0xFF	; 255
    1d06:	9f ef       	ldi	r25, 0xFF	; 255
    1d08:	01 97       	sbiw	r24, 0x01	; 1
    1d0a:	f1 f7       	brne	.-4      	; 0x1d08 <main+0x1a>
  //give the pin some time to rise
  _delay_loop_2(65535);
  //if PB7 is high, start the app now
  if (bit_is_set(PINB, PINB7))
    1d0c:	b7 9b       	sbis	0x16, 7	; 22
    1d0e:	05 c0       	rjmp	.+10     	; 0x1d1a <main+0x2c>
    app_start();
    1d10:	e0 91 62 00 	lds	r30, 0x0062
    1d14:	f0 91 63 00 	lds	r31, 0x0063
    1d18:	09 95       	icall
    //if(bit_is_set(BL_PIN,BL)) app_start();
  //}

  /* initialize UART(s) depending on CPU defined */
  /* m8 */
  UBRRH = (((F_CPU/BAUD_RATE)/16)-1)>>8; 	// set baud rate
    1d1a:	10 bc       	out	0x20, r1	; 32
  UBRRL = (((F_CPU/BAUD_RATE)/16)-1);
    1d1c:	8c e0       	ldi	r24, 0x0C	; 12
    1d1e:	89 b9       	out	0x09, r24	; 9
  UCSRB = (1<<RXEN)|(1<<TXEN);  // enable Rx & Tx
    1d20:	88 e1       	ldi	r24, 0x18	; 24
    1d22:	8a b9       	out	0x0a, r24	; 10
  UCSRC = (1<<URSEL)|(1<<UCSZ1)|(1<<UCSZ0);  // config USART; 8N1
    1d24:	86 e8       	ldi	r24, 0x86	; 134
    1d26:	80 bd       	out	0x20, r24	; 32

  /* forever */
  for (;;) {
    //if((inb(UCSRA) & _BV(RXC))){
    /* get character from UART */
		ch = getch();
    1d28:	9e df       	rcall	.-196    	; 0x1c66 <getch>
		
		/* A bunch of if...else if... gives smaller code than switch...case ! */
	
		/* Hello is anyone home ? */ 
		if(ch=='0') {
    1d2a:	80 33       	cpi	r24, 0x30	; 48
    1d2c:	81 f1       	breq	.+96     	; 0x1d8e <main+0xa0>
		}
	
		/* Request programmer ID */
		/* Not using PROGMEM string due to boot block in m128 being beyond 64kB boundry  */
		/* Would need to selectively manipulate RAMPZ, and it's only 9 characters anyway so who cares.  */
		else if(ch=='1') {
    1d2e:	81 33       	cpi	r24, 0x31	; 49
    1d30:	99 f4       	brne	.+38     	; 0x1d58 <main+0x6a>
			if (getch() == ' ') {
    1d32:	99 df       	rcall	.-206    	; 0x1c66 <getch>
    1d34:	80 32       	cpi	r24, 0x20	; 32
    1d36:	c1 f7       	brne	.-16     	; 0x1d28 <main+0x3a>
				putch(0x14);
    1d38:	84 e1       	ldi	r24, 0x14	; 20
    1d3a:	91 df       	rcall	.-222    	; 0x1c5e <putch>
				putch('A');
    1d3c:	81 e4       	ldi	r24, 0x41	; 65
    1d3e:	8f df       	rcall	.-226    	; 0x1c5e <putch>
				putch('V');
    1d40:	86 e5       	ldi	r24, 0x56	; 86
    1d42:	8d df       	rcall	.-230    	; 0x1c5e <putch>
				putch('R');
    1d44:	82 e5       	ldi	r24, 0x52	; 82
    1d46:	8b df       	rcall	.-234    	; 0x1c5e <putch>
				putch(' ');
    1d48:	80 e2       	ldi	r24, 0x20	; 32
    1d4a:	89 df       	rcall	.-238    	; 0x1c5e <putch>
				putch('I');
    1d4c:	89 e4       	ldi	r24, 0x49	; 73
    1d4e:	87 df       	rcall	.-242    	; 0x1c5e <putch>
				putch('S');
    1d50:	83 e5       	ldi	r24, 0x53	; 83
    1d52:	85 df       	rcall	.-246    	; 0x1c5e <putch>
				putch('P');
    1d54:	80 e5       	ldi	r24, 0x50	; 80
    1d56:	26 c1       	rjmp	.+588    	; 0x1fa4 <block_done+0xba>
				putch(0x10);
		  }
		}
	
		/* AVR ISP/STK500 board commands  DON'T CARE so default nothing_response */
		else if(ch=='@') {
    1d58:	80 34       	cpi	r24, 0x40	; 64
    1d5a:	29 f4       	brne	.+10     	; 0x1d66 <main+0x78>
		  ch2 = getch();
    1d5c:	84 df       	rcall	.-248    	; 0x1c66 <getch>
		  if (ch2>0x85) getch();
    1d5e:	86 38       	cpi	r24, 0x86	; 134
    1d60:	b0 f0       	brcs	.+44     	; 0x1d8e <main+0xa0>
    1d62:	81 df       	rcall	.-254    	; 0x1c66 <getch>
    1d64:	14 c0       	rjmp	.+40     	; 0x1d8e <main+0xa0>
		  nothing_response();
		}
	
		/* AVR ISP/STK500 board requests */
		else if(ch=='A') {
    1d66:	81 34       	cpi	r24, 0x41	; 65
    1d68:	71 f4       	brne	.+28     	; 0x1d86 <main+0x98>
		  ch2 = getch();
    1d6a:	7d df       	rcall	.-262    	; 0x1c66 <getch>
		  if(ch2==0x80) byte_response(HW_VER);		// Hardware version
    1d6c:	80 38       	cpi	r24, 0x80	; 128
    1d6e:	11 f4       	brne	.+4      	; 0x1d74 <main+0x86>
    1d70:	82 e0       	ldi	r24, 0x02	; 2
    1d72:	20 c1       	rjmp	.+576    	; 0x1fb4 <block_done+0xca>
		  else if(ch2==0x81) byte_response(SW_MAJOR);	// Software major version
    1d74:	81 38       	cpi	r24, 0x81	; 129
    1d76:	11 f4       	brne	.+4      	; 0x1d7c <main+0x8e>
    1d78:	81 e0       	ldi	r24, 0x01	; 1
    1d7a:	1c c1       	rjmp	.+568    	; 0x1fb4 <block_done+0xca>
		  else if(ch2==0x82) byte_response(SW_MINOR);	// Software minor version
    1d7c:	82 38       	cpi	r24, 0x82	; 130
    1d7e:	09 f0       	breq	.+2      	; 0x1d82 <main+0x94>
    1d80:	18 c1       	rjmp	.+560    	; 0x1fb2 <block_done+0xc8>
    1d82:	82 e1       	ldi	r24, 0x12	; 18
    1d84:	17 c1       	rjmp	.+558    	; 0x1fb4 <block_done+0xca>
		  //else if(ch2==0x98) byte_response(0x03);		// Unknown but seems to be required by avr studio 3.56
		  else byte_response(0x00);				// Covers various unnecessary responses we don't care about
		}
	
		/* Device Parameters  DON'T CARE, DEVICE IS FIXED  */
		else if(ch=='B') {
    1d86:	82 34       	cpi	r24, 0x42	; 66
    1d88:	21 f4       	brne	.+8      	; 0x1d92 <main+0xa4>
		  getNch(20);
    1d8a:	84 e1       	ldi	r24, 0x14	; 20
    1d8c:	8f df       	rcall	.-226    	; 0x1cac <getNch>
		  nothing_response();
    1d8e:	a7 df       	rcall	.-178    	; 0x1cde <nothing_response>
    1d90:	cb cf       	rjmp	.-106    	; 0x1d28 <main+0x3a>
		}
	
		/* Parallel programming stuff  DON'T CARE  */
		else if(ch=='E') {
    1d92:	85 34       	cpi	r24, 0x45	; 69
    1d94:	11 f4       	brne	.+4      	; 0x1d9a <main+0xac>
		  getNch(5);
    1d96:	85 e0       	ldi	r24, 0x05	; 5
    1d98:	f9 cf       	rjmp	.-14     	; 0x1d8c <main+0x9e>
		  nothing_response();
		}
	
		/* Enter programming mode  */
		else if(ch=='P') {
    1d9a:	80 35       	cpi	r24, 0x50	; 80
    1d9c:	c1 f3       	breq	.-16     	; 0x1d8e <main+0xa0>
		  // FIXME: modified only here by DojoCorp, Mumbai, India, 20050626
		  //time_count=0; // exted the delay once entered prog.mode
		}
	
		/* Leave programming mode  */
		else if(ch=='Q') {
    1d9e:	81 35       	cpi	r24, 0x51	; 81
    1da0:	b1 f3       	breq	.-20     	; 0x1d8e <main+0xa0>
												// therefore we just change the times
												// and give the programmer 1 sec to react
		}
	
		/* Erase device, don't care as we will erase one page at a time anyway.  */
		else if(ch=='R') {
    1da2:	82 35       	cpi	r24, 0x52	; 82
    1da4:	a1 f3       	breq	.-24     	; 0x1d8e <main+0xa0>
		}
	
		/* Set address, little endian. EEPROM in bytes, FLASH in words  */
		/* Perhaps extra address bytes may be added in future to support > 128kB FLASH.  */
		/* This might explain why little endian was used here, big endian used everywhere else.  */
		else if(ch=='U') {
    1da6:	85 35       	cpi	r24, 0x55	; 85
    1da8:	39 f4       	brne	.+14     	; 0x1db8 <main+0xca>
		  address.byte[0] = getch();
    1daa:	5d df       	rcall	.-326    	; 0x1c66 <getch>
    1dac:	80 93 64 00 	sts	0x0064, r24
		  address.byte[1] = getch();
    1db0:	5a df       	rcall	.-332    	; 0x1c66 <getch>
    1db2:	80 93 65 00 	sts	0x0065, r24
    1db6:	eb cf       	rjmp	.-42     	; 0x1d8e <main+0xa0>
		  nothing_response();
		}
	
		/* Universal SPI programming command, disabled.  Would be used for fuses and lock bits.  */
		else if(ch=='V') {
    1db8:	86 35       	cpi	r24, 0x56	; 86
    1dba:	19 f4       	brne	.+6      	; 0x1dc2 <main+0xd4>
		  getNch(4);
    1dbc:	84 e0       	ldi	r24, 0x04	; 4
    1dbe:	76 df       	rcall	.-276    	; 0x1cac <getNch>
    1dc0:	f8 c0       	rjmp	.+496    	; 0x1fb2 <block_done+0xc8>
		  byte_response(0x00);
		}
	
		/* Write memory, length is big endian and is in bytes  */
		else if(ch=='d') {
    1dc2:	84 36       	cpi	r24, 0x64	; 100
    1dc4:	09 f0       	breq	.+2      	; 0x1dc8 <main+0xda>
    1dc6:	94 c0       	rjmp	.+296    	; 0x1ef0 <block_done+0x6>
		  length.byte[1] = getch();
    1dc8:	4e df       	rcall	.-356    	; 0x1c66 <getch>
    1dca:	80 93 67 01 	sts	0x0167, r24
		  length.byte[0] = getch();
    1dce:	4b df       	rcall	.-362    	; 0x1c66 <getch>
    1dd0:	80 93 66 01 	sts	0x0166, r24
		  flags.eeprom = 0;
    1dd4:	80 91 69 01 	lds	r24, 0x0169
    1dd8:	8e 7f       	andi	r24, 0xFE	; 254
    1dda:	80 93 69 01 	sts	0x0169, r24
		  if (getch() == 'E') flags.eeprom = 1;
    1dde:	43 df       	rcall	.-378    	; 0x1c66 <getch>
    1de0:	85 34       	cpi	r24, 0x45	; 69
    1de2:	29 f4       	brne	.+10     	; 0x1dee <main+0x100>
    1de4:	80 91 69 01 	lds	r24, 0x0169
    1de8:	81 60       	ori	r24, 0x01	; 1
    1dea:	80 93 69 01 	sts	0x0169, r24
    1dee:	36 e6       	ldi	r19, 0x66	; 102
    1df0:	c3 2e       	mov	r12, r19
    1df2:	30 e0       	ldi	r19, 0x00	; 0
    1df4:	d3 2e       	mov	r13, r19


void (*app_start)(void) = 0x0000;

int main(void)
{
    1df6:	76 01       	movw	r14, r12
    1df8:	00 e0       	ldi	r16, 0x00	; 0
    1dfa:	10 e0       	ldi	r17, 0x00	; 0
    1dfc:	06 c0       	rjmp	.+12     	; 0x1e0a <main+0x11c>
		  length.byte[1] = getch();
		  length.byte[0] = getch();
		  flags.eeprom = 0;
		  if (getch() == 'E') flags.eeprom = 1;
		  for (w=0;w<length.word;w++) {
		    buff[w] = getch();	                        // Store data in buffer, can't keep up with serial data stream whilst programming pages
    1dfe:	33 df       	rcall	.-410    	; 0x1c66 <getch>
    1e00:	f7 01       	movw	r30, r14
    1e02:	81 93       	st	Z+, r24
    1e04:	7f 01       	movw	r14, r30
		else if(ch=='d') {
		  length.byte[1] = getch();
		  length.byte[0] = getch();
		  flags.eeprom = 0;
		  if (getch() == 'E') flags.eeprom = 1;
		  for (w=0;w<length.word;w++) {
    1e06:	0f 5f       	subi	r16, 0xFF	; 255
    1e08:	1f 4f       	sbci	r17, 0xFF	; 255
    1e0a:	80 91 66 01 	lds	r24, 0x0166
    1e0e:	90 91 67 01 	lds	r25, 0x0167
    1e12:	08 17       	cp	r16, r24
    1e14:	19 07       	cpc	r17, r25
    1e16:	98 f3       	brcs	.-26     	; 0x1dfe <main+0x110>
		    buff[w] = getch();	                        // Store data in buffer, can't keep up with serial data stream whilst programming pages
		  }
		  if (getch() == ' ') {
    1e18:	26 df       	rcall	.-436    	; 0x1c66 <getch>
    1e1a:	80 32       	cpi	r24, 0x20	; 32
    1e1c:	09 f0       	breq	.+2      	; 0x1e20 <main+0x132>
    1e1e:	84 cf       	rjmp	.-248    	; 0x1d28 <main+0x3a>
				if (flags.eeprom) {		                //Write to EEPROM one byte at a time
    1e20:	80 91 69 01 	lds	r24, 0x0169
    1e24:	80 fd       	sbrc	r24, 0
    1e26:	15 c0       	rjmp	.+42     	; 0x1e52 <main+0x164>
    1e28:	1e c0       	rjmp	.+60     	; 0x1e66 <main+0x178>
					for(w=0;w<length.word;w++) {
						eeprom_wb(address.word,buff[w]);
    1e2a:	f6 01       	movw	r30, r12
    1e2c:	61 91       	ld	r22, Z+
    1e2e:	6f 01       	movw	r12, r30
    1e30:	80 91 64 00 	lds	r24, 0x0064
    1e34:	90 91 65 00 	lds	r25, 0x0065
    1e38:	c7 d0       	rcall	.+398    	; 0x1fc8 <__eewr_byte_m8>
						address.word++;
    1e3a:	80 91 64 00 	lds	r24, 0x0064
    1e3e:	90 91 65 00 	lds	r25, 0x0065
    1e42:	01 96       	adiw	r24, 0x01	; 1
    1e44:	90 93 65 00 	sts	0x0065, r25
    1e48:	80 93 64 00 	sts	0x0064, r24
		  for (w=0;w<length.word;w++) {
		    buff[w] = getch();	                        // Store data in buffer, can't keep up with serial data stream whilst programming pages
		  }
		  if (getch() == ' ') {
				if (flags.eeprom) {		                //Write to EEPROM one byte at a time
					for(w=0;w<length.word;w++) {
    1e4c:	0f 5f       	subi	r16, 0xFF	; 255
    1e4e:	1f 4f       	sbci	r17, 0xFF	; 255
    1e50:	02 c0       	rjmp	.+4      	; 0x1e56 <main+0x168>
		  if (getch() == 'E') flags.eeprom = 1;
		  for (w=0;w<length.word;w++) {
		    buff[w] = getch();	                        // Store data in buffer, can't keep up with serial data stream whilst programming pages
		  }
		  if (getch() == ' ') {
				if (flags.eeprom) {		                //Write to EEPROM one byte at a time
    1e52:	00 e0       	ldi	r16, 0x00	; 0
    1e54:	10 e0       	ldi	r17, 0x00	; 0
					for(w=0;w<length.word;w++) {
    1e56:	80 91 66 01 	lds	r24, 0x0166
    1e5a:	90 91 67 01 	lds	r25, 0x0167
    1e5e:	08 17       	cp	r16, r24
    1e60:	19 07       	cpc	r17, r25
    1e62:	18 f3       	brcs	.-58     	; 0x1e2a <main+0x13c>
    1e64:	43 c0       	rjmp	.+134    	; 0x1eec <block_done+0x2>
					//if (address.byte[1]>127) address_high = 0x01;	//Only possible with m128, m256 will need 3rd address byte. FIXME
					//else address_high = 0x00;
			
					//address.word = address.word << 1;	        //address * 2 -> byte location
					//if ((length.byte[0] & 0x01)) length.word++;	//Even up an odd number of bytes
					cli();					//Disable interrupts, just to be sure
    1e66:	f8 94       	cli
					while(bit_is_set(EECR,EEWE));			//Wait for previous EEPROM writes to complete
    1e68:	e1 99       	sbic	0x1c, 1	; 28
    1e6a:	fe cf       	rjmp	.-4      	; 0x1e68 <main+0x17a>
					asm volatile(
    1e6c:	11 27       	eor	r17, r17
    1e6e:	e0 91 64 00 	lds	r30, 0x0064
    1e72:	f0 91 65 00 	lds	r31, 0x0065
    1e76:	ee 0f       	add	r30, r30
    1e78:	ff 1f       	adc	r31, r31
    1e7a:	c6 e6       	ldi	r28, 0x66	; 102
    1e7c:	d0 e0       	ldi	r29, 0x00	; 0
    1e7e:	80 91 66 01 	lds	r24, 0x0166
    1e82:	90 91 67 01 	lds	r25, 0x0167
    1e86:	80 ff       	sbrs	r24, 0
    1e88:	01 c0       	rjmp	.+2      	; 0x1e8c <length_loop>
    1e8a:	01 96       	adiw	r24, 0x01	; 1

00001e8c <length_loop>:
    1e8c:	10 30       	cpi	r17, 0x00	; 0
    1e8e:	51 f4       	brne	.+20     	; 0x1ea4 <no_page_erase>
    1e90:	22 d0       	rcall	.+68     	; 0x1ed6 <wait_spm>
    1e92:	03 e0       	ldi	r16, 0x03	; 3
    1e94:	00 93 57 00 	sts	0x0057, r16
    1e98:	e8 95       	spm
    1e9a:	1d d0       	rcall	.+58     	; 0x1ed6 <wait_spm>
    1e9c:	01 e1       	ldi	r16, 0x11	; 17
    1e9e:	00 93 57 00 	sts	0x0057, r16
    1ea2:	e8 95       	spm

00001ea4 <no_page_erase>:
    1ea4:	09 90       	ld	r0, Y+
    1ea6:	19 90       	ld	r1, Y+
    1ea8:	16 d0       	rcall	.+44     	; 0x1ed6 <wait_spm>
    1eaa:	01 e0       	ldi	r16, 0x01	; 1
    1eac:	00 93 57 00 	sts	0x0057, r16
    1eb0:	e8 95       	spm
    1eb2:	13 95       	inc	r17
    1eb4:	10 32       	cpi	r17, 0x20	; 32
    1eb6:	58 f0       	brcs	.+22     	; 0x1ece <same_page>

00001eb8 <write_page>:
    1eb8:	11 27       	eor	r17, r17
    1eba:	0d d0       	rcall	.+26     	; 0x1ed6 <wait_spm>
    1ebc:	05 e0       	ldi	r16, 0x05	; 5
    1ebe:	00 93 57 00 	sts	0x0057, r16
    1ec2:	e8 95       	spm
    1ec4:	08 d0       	rcall	.+16     	; 0x1ed6 <wait_spm>
    1ec6:	01 e1       	ldi	r16, 0x11	; 17
    1ec8:	00 93 57 00 	sts	0x0057, r16
    1ecc:	e8 95       	spm

00001ece <same_page>:
    1ece:	32 96       	adiw	r30, 0x02	; 2
    1ed0:	02 97       	sbiw	r24, 0x02	; 2
    1ed2:	39 f0       	breq	.+14     	; 0x1ee2 <final_write>
    1ed4:	db cf       	rjmp	.-74     	; 0x1e8c <length_loop>

00001ed6 <wait_spm>:
    1ed6:	00 91 57 00 	lds	r16, 0x0057
    1eda:	01 70       	andi	r16, 0x01	; 1
    1edc:	01 30       	cpi	r16, 0x01	; 1
    1ede:	d9 f3       	breq	.-10     	; 0x1ed6 <wait_spm>
    1ee0:	08 95       	ret

00001ee2 <final_write>:
    1ee2:	10 30       	cpi	r17, 0x00	; 0
    1ee4:	11 f0       	breq	.+4      	; 0x1eea <block_done>
    1ee6:	02 96       	adiw	r24, 0x02	; 2
    1ee8:	e7 cf       	rjmp	.-50     	; 0x1eb8 <write_page>

00001eea <block_done>:
    1eea:	11 24       	eor	r1, r1
							 : "=m" (SPMCR) : "M" (PAGE_SIZE) : "r0","r16","r17","r24","r25","r28","r29","r30","r31");
			
					/* Should really add a wait for RWW section to be enabled, don't actually need it since we never */
					/* exit the bootloader without a power cycle anyhow */
				}
				putch(0x14);
    1eec:	84 e1       	ldi	r24, 0x14	; 20
    1eee:	5a c0       	rjmp	.+180    	; 0x1fa4 <block_done+0xba>
				putch(0x10);
			}		
		}
	
		/* Read memory block mode, length is big endian.  */
		else if(ch=='t') {
    1ef0:	84 37       	cpi	r24, 0x74	; 116
    1ef2:	09 f0       	breq	.+2      	; 0x1ef6 <block_done+0xc>
    1ef4:	4a c0       	rjmp	.+148    	; 0x1f8a <block_done+0xa0>
		  length.byte[1] = getch();
    1ef6:	b7 de       	rcall	.-658    	; 0x1c66 <getch>
    1ef8:	80 93 67 01 	sts	0x0167, r24
		  length.byte[0] = getch();
    1efc:	b4 de       	rcall	.-664    	; 0x1c66 <getch>
    1efe:	80 93 66 01 	sts	0x0166, r24
		  if (getch() == 'E') flags.eeprom = 1;
    1f02:	b1 de       	rcall	.-670    	; 0x1c66 <getch>
    1f04:	90 91 69 01 	lds	r25, 0x0169
    1f08:	85 34       	cpi	r24, 0x45	; 69
    1f0a:	21 f4       	brne	.+8      	; 0x1f14 <block_done+0x2a>
    1f0c:	91 60       	ori	r25, 0x01	; 1
    1f0e:	90 93 69 01 	sts	0x0169, r25
    1f12:	0d c0       	rjmp	.+26     	; 0x1f2e <block_done+0x44>
		  else {
				flags.eeprom = 0;
    1f14:	9e 7f       	andi	r25, 0xFE	; 254
    1f16:	90 93 69 01 	sts	0x0169, r25
				address.word = address.word << 1;	        // address * 2 -> byte location
    1f1a:	80 91 64 00 	lds	r24, 0x0064
    1f1e:	90 91 65 00 	lds	r25, 0x0065
    1f22:	88 0f       	add	r24, r24
    1f24:	99 1f       	adc	r25, r25
    1f26:	90 93 65 00 	sts	0x0065, r25
    1f2a:	80 93 64 00 	sts	0x0064, r24
		  }
		  if (getch() == ' ') {		                // Command terminator
    1f2e:	9b de       	rcall	.-714    	; 0x1c66 <getch>
    1f30:	80 32       	cpi	r24, 0x20	; 32
    1f32:	09 f0       	breq	.+2      	; 0x1f36 <block_done+0x4c>
    1f34:	f9 ce       	rjmp	.-526    	; 0x1d28 <main+0x3a>
				putch(0x14);
    1f36:	84 e1       	ldi	r24, 0x14	; 20
    1f38:	92 de       	rcall	.-732    	; 0x1c5e <putch>
				for (w=0;w < length.word;w++) {		        // Can handle odd and even lengths okay
    1f3a:	00 e0       	ldi	r16, 0x00	; 0
    1f3c:	10 e0       	ldi	r17, 0x00	; 0
    1f3e:	1d c0       	rjmp	.+58     	; 0x1f7a <block_done+0x90>
					if (flags.eeprom) {	                        // Byte access EEPROM read
    1f40:	80 91 69 01 	lds	r24, 0x0169
    1f44:	80 ff       	sbrs	r24, 0
    1f46:	06 c0       	rjmp	.+12     	; 0x1f54 <block_done+0x6a>
						putch(eeprom_rb(address.word));
    1f48:	80 91 64 00 	lds	r24, 0x0064
    1f4c:	90 91 65 00 	lds	r25, 0x0065
    1f50:	33 d0       	rcall	.+102    	; 0x1fb8 <__eerd_byte_m8>
    1f52:	07 c0       	rjmp	.+14     	; 0x1f62 <block_done+0x78>
						address.word++;
					} else {	
						if (!flags.rampz) putch(pgm_read_byte_near(address.word));
    1f54:	81 fd       	sbrc	r24, 1
    1f56:	06 c0       	rjmp	.+12     	; 0x1f64 <block_done+0x7a>
    1f58:	e0 91 64 00 	lds	r30, 0x0064
    1f5c:	f0 91 65 00 	lds	r31, 0x0065
    1f60:	84 91       	lpm	r24, Z+
    1f62:	7d de       	rcall	.-774    	; 0x1c5e <putch>
						address.word++;
    1f64:	80 91 64 00 	lds	r24, 0x0064
    1f68:	90 91 65 00 	lds	r25, 0x0065
    1f6c:	01 96       	adiw	r24, 0x01	; 1
    1f6e:	90 93 65 00 	sts	0x0065, r25
    1f72:	80 93 64 00 	sts	0x0064, r24
				flags.eeprom = 0;
				address.word = address.word << 1;	        // address * 2 -> byte location
		  }
		  if (getch() == ' ') {		                // Command terminator
				putch(0x14);
				for (w=0;w < length.word;w++) {		        // Can handle odd and even lengths okay
    1f76:	0f 5f       	subi	r16, 0xFF	; 255
    1f78:	1f 4f       	sbci	r17, 0xFF	; 255
    1f7a:	80 91 66 01 	lds	r24, 0x0166
    1f7e:	90 91 67 01 	lds	r25, 0x0167
    1f82:	08 17       	cp	r16, r24
    1f84:	19 07       	cpc	r17, r25
    1f86:	e0 f2       	brcs	.-72     	; 0x1f40 <block_done+0x56>
    1f88:	0e c0       	rjmp	.+28     	; 0x1fa6 <block_done+0xbc>
				putch(0x10);
		  }
		}
	
		/* Get device signature bytes  */
		else if(ch=='u') {
    1f8a:	85 37       	cpi	r24, 0x75	; 117
    1f8c:	79 f4       	brne	.+30     	; 0x1fac <block_done+0xc2>
		  if (getch() == ' ') {
    1f8e:	6b de       	rcall	.-810    	; 0x1c66 <getch>
    1f90:	80 32       	cpi	r24, 0x20	; 32
    1f92:	09 f0       	breq	.+2      	; 0x1f96 <block_done+0xac>
    1f94:	c9 ce       	rjmp	.-622    	; 0x1d28 <main+0x3a>
				putch(0x14);
    1f96:	84 e1       	ldi	r24, 0x14	; 20
    1f98:	62 de       	rcall	.-828    	; 0x1c5e <putch>
				putch(SIG1);
    1f9a:	8e e1       	ldi	r24, 0x1E	; 30
    1f9c:	60 de       	rcall	.-832    	; 0x1c5e <putch>
				putch(SIG2);
    1f9e:	83 e9       	ldi	r24, 0x93	; 147
    1fa0:	5e de       	rcall	.-836    	; 0x1c5e <putch>
				putch(SIG3);
    1fa2:	87 e0       	ldi	r24, 0x07	; 7
    1fa4:	5c de       	rcall	.-840    	; 0x1c5e <putch>
				putch(0x10);
    1fa6:	80 e1       	ldi	r24, 0x10	; 16
    1fa8:	5a de       	rcall	.-844    	; 0x1c5e <putch>
    1faa:	be ce       	rjmp	.-644    	; 0x1d28 <main+0x3a>
		  }
		}
	
		/* Read oscillator calibration byte */
		else if(ch=='v') {
    1fac:	86 37       	cpi	r24, 0x76	; 118
    1fae:	09 f0       	breq	.+2      	; 0x1fb2 <block_done+0xc8>
    1fb0:	bb ce       	rjmp	.-650    	; 0x1d28 <main+0x3a>
		  byte_response(0x00);
    1fb2:	80 e0       	ldi	r24, 0x00	; 0
    1fb4:	87 de       	rcall	.-754    	; 0x1cc4 <byte_response>
    1fb6:	b8 ce       	rjmp	.-656    	; 0x1d28 <main+0x3a>

00001fb8 <__eerd_byte_m8>:
    1fb8:	e1 99       	sbic	0x1c, 1	; 28
    1fba:	fe cf       	rjmp	.-4      	; 0x1fb8 <__eerd_byte_m8>
    1fbc:	9f bb       	out	0x1f, r25	; 31
    1fbe:	8e bb       	out	0x1e, r24	; 30
    1fc0:	e0 9a       	sbi	0x1c, 0	; 28
    1fc2:	99 27       	eor	r25, r25
    1fc4:	8d b3       	in	r24, 0x1d	; 29
    1fc6:	08 95       	ret

00001fc8 <__eewr_byte_m8>:
    1fc8:	26 2f       	mov	r18, r22

00001fca <__eewr_r18_m8>:
    1fca:	e1 99       	sbic	0x1c, 1	; 28
    1fcc:	fe cf       	rjmp	.-4      	; 0x1fca <__eewr_r18_m8>
    1fce:	9f bb       	out	0x1f, r25	; 31
    1fd0:	8e bb       	out	0x1e, r24	; 30
    1fd2:	2d bb       	out	0x1d, r18	; 29
    1fd4:	0f b6       	in	r0, 0x3f	; 63
    1fd6:	f8 94       	cli
    1fd8:	e2 9a       	sbi	0x1c, 2	; 28
    1fda:	e1 9a       	sbi	0x1c, 1	; 28
    1fdc:	0f be       	out	0x3f, r0	; 63
    1fde:	01 96       	adiw	r24, 0x01	; 1
    1fe0:	08 95       	ret

00001fe2 <_exit>:
    1fe2:	f8 94       	cli

00001fe4 <__stop_program>:
    1fe4:	ff cf       	rjmp	.-2      	; 0x1fe4 <__stop_program>
